<?xml version="1.0" encoding="UTF-8"?>
<!-- Generated by org.testng.reporters.JUnitXMLReporter -->
<testsuite ignored="0" hostname="Samweks-MacBook-Air.local" failures="0" tests="3" name="Login" time="30.229" errors="0" timestamp="2025-03-09T10:37:20 NPT">
  <testcase classname="merchant.LoginTest" name="ValidLoginTest" time="6.921"/>
  <testcase classname="merchant.LoginTest" name="testInvalidLogin" time="6.304"/>
  <testcase classname="merchant.LoginTest" name="testForgotPINRedirection" time="8.27"/>
</testsuite> <!-- Login -->
